Using pre-set license
Built from '2021.3/staging' branch; Version is '2021.3.15f1 (e8e88683f834) revision 15263878'; Using compiler version '192829333'; Build Type 'Release'
OS: 'Windows 11  (10.0.22621) 64bit Professional' Language: 'en' Physical Memory: 65485 MB
BatchMode: 1, IsHumanControllingUs: 0, StartBugReporterOnCrash: 0, Is64bit: 1, IsPro: 1

COMMAND LINE ARGUMENTS:
C:\Program Files\Unity\Hub\Editor\2021.3.15f1\Editor\Unity.exe
-adb2
-batchMode
-noUpm
-name
AssetImportWorker1
-projectPath
C:/Users/samir/Documents/Game Projects/TheLastDalek
-logFile
Logs/AssetImportWorker1.log
-srvPort
57874
Successfully changed project path to: C:/Users/samir/Documents/Game Projects/TheLastDalek
C:/Users/samir/Documents/Game Projects/TheLastDalek
[UnityMemory] Configuration Parameters - Can be set up in boot.config
    "memorysetup-bucket-allocator-granularity=16"
    "memorysetup-bucket-allocator-bucket-count=8"
    "memorysetup-bucket-allocator-block-size=33554432"
    "memorysetup-bucket-allocator-block-count=8"
    "memorysetup-main-allocator-block-size=16777216"
    "memorysetup-thread-allocator-block-size=16777216"
    "memorysetup-gfx-main-allocator-block-size=16777216"
    "memorysetup-gfx-thread-allocator-block-size=16777216"
    "memorysetup-cache-allocator-block-size=4194304"
    "memorysetup-typetree-allocator-block-size=2097152"
    "memorysetup-profiler-bucket-allocator-granularity=16"
    "memorysetup-profiler-bucket-allocator-bucket-count=8"
    "memorysetup-profiler-bucket-allocator-block-size=33554432"
    "memorysetup-profiler-bucket-allocator-block-count=8"
    "memorysetup-profiler-allocator-block-size=16777216"
    "memorysetup-profiler-editor-allocator-block-size=1048576"
    "memorysetup-temp-allocator-size-main=16777216"
    "memorysetup-job-temp-allocator-block-size=2097152"
    "memorysetup-job-temp-allocator-block-size-background=1048576"
    "memorysetup-job-temp-allocator-reduction-small-platforms=262144"
    "memorysetup-temp-allocator-size-background-worker=32768"
    "memorysetup-temp-allocator-size-job-worker=262144"
    "memorysetup-temp-allocator-size-preload-manager=33554432"
    "memorysetup-temp-allocator-size-nav-mesh-worker=65536"
    "memorysetup-temp-allocator-size-audio-worker=65536"
    "memorysetup-temp-allocator-size-cloud-worker=32768"
    "memorysetup-temp-allocator-size-gi-baking-worker=262144"
    "memorysetup-temp-allocator-size-gfx=262144"
Player connection [21192] Host "[IP] 192.168.68.116 [Port] 0 [Flags] 2 [Guid] 960116238 [EditorId] 960116238 [Version] 1048832 [Id] WindowsEditor(7,Samis-Desktop) [Debug] 1 [PackageName] WindowsEditor [ProjectName] Editor" joined multi-casting on [225.0.0.222:54997]...

Player connection [21192] Host "[IP] 192.168.68.116 [Port] 0 [Flags] 2 [Guid] 960116238 [EditorId] 960116238 [Version] 1048832 [Id] WindowsEditor(7,Samis-Desktop) [Debug] 1 [PackageName] WindowsEditor [ProjectName] Editor" joined alternative multi-casting on [225.0.0.222:34997]...

Setting a NavMeshArea cost less than one can give unexpected results.
Refreshing native plugins compatible for Editor in 145.73 ms, found 8 plugins.
Preloading 0 native plugins for Editor in 0.00 ms.
Initialize engine version: 2021.3.15f1 (e8e88683f834)
[Subsystems] Discovering subsystems at path C:/Program Files/Unity/Hub/Editor/2021.3.15f1/Editor/Data/Resources/UnitySubsystems
[Subsystems] Discovering subsystems at path C:/Users/samir/Documents/Game Projects/TheLastDalek/Assets
GfxDevice: creating device client; threaded=0; jobified=0
d3d12: loaded!
Direct3D:
    Version:         Direct3D 12 [level 12.1]
    Renderer:        NVIDIA GeForce RTX 2060 (ID=0x1e89)
    Vendor:          NVIDIA
    VRAM:            5958 MB
    App VRAM Budget: 5190 MB
    Driver:          31.0.15.3667
d3d12: Profiler is enabled, but stable power state is not. GPU timing errors are expected.
Initialize mono
Mono path[0] = 'C:/Program Files/Unity/Hub/Editor/2021.3.15f1/Editor/Data/Managed'
Mono path[1] = 'C:/Program Files/Unity/Hub/Editor/2021.3.15f1/Editor/Data/MonoBleedingEdge/lib/mono/unityjit-win32'
Mono config path = 'C:/Program Files/Unity/Hub/Editor/2021.3.15f1/Editor/Data/MonoBleedingEdge/etc'
Using monoOptions --debugger-agent=transport=dt_socket,embedding=1,server=y,suspend=n,address=127.0.0.1:56668
Begin MonoManager ReloadAssembly
Registering precompiled unity dll's ...
Register platform support module: C:/Program Files/Unity/Hub/Editor/2021.3.15f1/Editor/Data/PlaybackEngines/WindowsStandaloneSupport/UnityEditor.WindowsStandalone.Extensions.dll
Register platform support module: C:/Program Files/Unity/Hub/Editor/2021.3.15f1/Editor/Data/PlaybackEngines/MetroSupport/UnityEditor.UWP.Extensions.dll
Registered in 0.005362 seconds.
Native extension for UWP target not found
Native extension for WindowsStandalone target not found
Refreshing native plugins compatible for Editor in 135.47 ms, found 8 plugins.
Preloading 0 native plugins for Editor in 0.00 ms.
Mono: successfully reloaded assembly
- Completed reload, in  0.757 seconds
Domain Reload Profiling:
	ReloadAssembly (757ms)
		BeginReloadAssembly (85ms)
			ExecutionOrderSort (0ms)
			DisableScriptedObjects (0ms)
			BackupInstance (0ms)
			ReleaseScriptingObjects (0ms)
			CreateAndSetChildDomain (1ms)
		EndReloadAssembly (566ms)
			LoadAssemblies (84ms)
			RebuildTransferFunctionScriptingTraits (0ms)
			SetupTypeCache (143ms)
			ReleaseScriptCaches (0ms)
			RebuildScriptCaches (27ms)
			SetupLoadedEditorAssemblies (337ms)
				LogAssemblyErrors (0ms)
				InitializePlatformSupportModulesInManaged (8ms)
				SetLoadedEditorAssemblies (0ms)
				RefreshPlugins (136ms)
				BeforeProcessingInitializeOnLoad (2ms)
				ProcessInitializeOnLoadAttributes (145ms)
				ProcessInitializeOnLoadMethodAttributes (47ms)
				AfterProcessingInitializeOnLoad (0ms)
				EditorAssembliesLoaded (0ms)
			ExecutionOrderSort2 (0ms)
			AwakeInstancesAfterBackupRestoration (0ms)
Platform modules already initialized, skipping
Registering precompiled user dll's ...
Registered in 0.011499 seconds.
Begin MonoManager ReloadAssembly
Symbol file LoadedFromMemory doesn't match image C:\Users\samir\Documents\Game Projects\TheLastDalek\Library\PackageCache\com.unity.visualscripting@1.7.8\Editor\VisualScripting.Core\Dependencies\DotNetZip\Unity.VisualScripting.IonicZip.dll
Symbol file LoadedFromMemory doesn't match image C:\Users\samir\Documents\Game Projects\TheLastDalek\Library\PackageCache\com.unity.visualscripting@1.7.8\Editor\VisualScripting.Core\Dependencies\YamlDotNet\Unity.VisualScripting.YamlDotNet.dll
Native extension for UWP target not found
Native extension for WindowsStandalone target not found
Refreshing native plugins compatible for Editor in 137.77 ms, found 8 plugins.
Preloading 0 native plugins for Editor in 0.00 ms.
Mono: successfully reloaded assembly
- Completed reload, in  1.966 seconds
Domain Reload Profiling:
	ReloadAssembly (1967ms)
		BeginReloadAssembly (102ms)
			ExecutionOrderSort (0ms)
			DisableScriptedObjects (5ms)
			BackupInstance (0ms)
			ReleaseScriptingObjects (0ms)
			CreateAndSetChildDomain (18ms)
		EndReloadAssembly (1742ms)
			LoadAssemblies (102ms)
			RebuildTransferFunctionScriptingTraits (0ms)
			SetupTypeCache (439ms)
			ReleaseScriptCaches (1ms)
			RebuildScriptCaches (109ms)
			SetupLoadedEditorAssemblies (1035ms)
				LogAssemblyErrors (0ms)
				InitializePlatformSupportModulesInManaged (5ms)
				SetLoadedEditorAssemblies (0ms)
				RefreshPlugins (138ms)
				BeforeProcessingInitializeOnLoad (118ms)
				ProcessInitializeOnLoadAttributes (440ms)
				ProcessInitializeOnLoadMethodAttributes (325ms)
				AfterProcessingInitializeOnLoad (8ms)
				EditorAssembliesLoaded (0ms)
			ExecutionOrderSort2 (0ms)
			AwakeInstancesAfterBackupRestoration (7ms)
Platform modules already initialized, skipping
========================================================================
Worker process is ready to serve import requests
Setting a NavMeshArea cost less than one can give unexpected results.
Launched and connected shader compiler UnityShaderCompiler.exe after 0.07 seconds
Refreshing native plugins compatible for Editor in 1.99 ms, found 8 plugins.
Preloading 0 native plugins for Editor in 0.00 ms.
Unloading 6569 Unused Serialized files (Serialized files now loaded: 0)
Unloading 60 unused Assets / (1.2 MB). Loaded Objects now: 7084.
Memory consumption went from 401.0 MB to 399.8 MB.
Total: 5.892300 ms (FindLiveObjects: 1.076200 ms CreateObjectMapping: 0.300100 ms MarkObjects: 3.852800 ms  DeleteObjects: 0.661700 ms)

AssetImportParameters requested are different than current active one (requested -> active):
  custom:video-decoder-ogg-theora: a1e56fd34408186e4bbccfd4996cb3dc -> 
  custom:container-muxer-webm: aa71ff27fc2769a1b78a27578f13a17b -> 
  custom:container-demuxer-webm: 4f35f7cbe854078d1ac9338744f61a02 -> 
  custom:video-encoder-webm-vp8: eb34c28f22e8b96e1ab97ce403110664 -> 
  custom:audio-encoder-webm-vorbis: bf7c407c2cedff20999df2af8eb42d56 -> 
  custom:framework-win-MediaFoundation: 216162199b28c13a410421893ffa2e32 -> 
  custom:container-demuxer-ogg: 62fdf1f143b41e24485cea50d1cbac27 -> 
  custom:video-decoder-webm-vp8: 9c59270c3fd7afecdb556c50c9e8de78 -> 
  custom:audio-decoder-ogg-vorbis: bf7c407c2cedff20999df2af8eb42d56 -> 
========================================================================
Received Import Request.
  Time since last request: 15147.061383 seconds.
  path: Assets/test.uxml
  artifactKey: Guid(257abef5dd0e81444b3205280f4fb9d4) Importer(815301076,1909f56bfc062723c751e8b465ee728b)
Start importing Assets/test.uxml using Guid(257abef5dd0e81444b3205280f4fb9d4) Importer(815301076,1909f56bfc062723c751e8b465ee728b)  -> (artifact id: '2d47249e76ac0ec19f2c249b3d25ee29') in 0.052999 seconds 
========================================================================
Received Import Request.
  Time since last request: 0.000028 seconds.
  path: Assets/Entities/Humanoid/Base/dummy.fbx
  artifactKey: Guid(8d11729d6da93c14786437dbad642810) Importer(815301076,1909f56bfc062723c751e8b465ee728b)
Start importing Assets/Entities/Humanoid/Base/dummy.fbx using Guid(8d11729d6da93c14786437dbad642810) Importer(815301076,1909f56bfc062723c751e8b465ee728b)  -> (artifact id: 'e8a2eef66e96e73ffca2eefebeb60822') in 1.902866 seconds 
========================================================================
Received Import Request.
  Time since last request: 0.000054 seconds.
  path: Assets/Entities/Humanoid/Base/BaseNPC.prefab
  artifactKey: Guid(9faa53979bf2d604a935788b0ad89fa4) Importer(815301076,1909f56bfc062723c751e8b465ee728b)
Start importing Assets/Entities/Humanoid/Base/BaseNPC.prefab using Guid(9faa53979bf2d604a935788b0ad89fa4) Importer(815301076,1909f56bfc062723c751e8b465ee728b) d3d12: upload buffer was full! Waited for COPY queue for 1.226 ms.
Coroutine couldn't be started because the the game object 'Player' is inactive!
UnityEngine.StackTraceUtility:ExtractStackTrace ()
UnityEngine.MonoBehaviour:StartCoroutine (System.Collections.IEnumerator)
PlayerComponent:OnValidate () (at Assets/Entities/Dalek/PlayerComponent.cs:61)

[Assets/Entities/Dalek/PlayerComponent.cs line 61]

 -> (artifact id: '9951d7c36b3660742ca6d6058f9684b1') in 0.148030 seconds 
========================================================================
Received Import Request.
  Time since last request: 130.810378 seconds.
  path: Assets/Sounds/Music/889_bg_02.ogg
  artifactKey: Guid(ec523cbf4f5d1a347844d9a28d0fc0bf) Importer(815301076,1909f56bfc062723c751e8b465ee728b)
Start importing Assets/Sounds/Music/889_bg_02.ogg using Guid(ec523cbf4f5d1a347844d9a28d0fc0bf) Importer(815301076,1909f56bfc062723c751e8b465ee728b)  -> (artifact id: '2f3ce993ba39694c01005d10ebbc2449') in 0.037844 seconds 
========================================================================
Received Import Request.
  Time since last request: 0.000046 seconds.
  path: Assets/Sounds/NPC/Guard/gr_pain3.wav
  artifactKey: Guid(5d7f9fddacc87914198661441fedfc61) Importer(815301076,1909f56bfc062723c751e8b465ee728b)
Start importing Assets/Sounds/NPC/Guard/gr_pain3.wav using Guid(5d7f9fddacc87914198661441fedfc61) Importer(815301076,1909f56bfc062723c751e8b465ee728b)  -> (artifact id: '6c22a54baac1518517d41fd559250389') in 0.060335 seconds 
========================================================================
Received Import Request.
  Time since last request: 0.000051 seconds.
  path: Assets/Sounds/Music/892_bg_03.ogg
  artifactKey: Guid(f492ad1beee6a394794045b27b391065) Importer(815301076,1909f56bfc062723c751e8b465ee728b)
Start importing Assets/Sounds/Music/892_bg_03.ogg using Guid(f492ad1beee6a394794045b27b391065) Importer(815301076,1909f56bfc062723c751e8b465ee728b)  -> (artifact id: '1814e734a577d0f29746baef8001e748') in 0.054910 seconds 
========================================================================
Received Import Request.
  Time since last request: 0.000037 seconds.
  path: Assets/Sounds/Elevate Close.ogg
  artifactKey: Guid(762e0ac672b369a42ae062ebc1865979) Importer(815301076,1909f56bfc062723c751e8b465ee728b)
Start importing Assets/Sounds/Elevate Close.ogg using Guid(762e0ac672b369a42ae062ebc1865979) Importer(815301076,1909f56bfc062723c751e8b465ee728b)  -> (artifact id: '2bcb21fa6149dd8c1a7979f7542d53bd') in 0.050115 seconds 
========================================================================
Received Import Request.
  Time since last request: 0.000049 seconds.
  path: Assets/Sounds/NPC/Guard/gr_idle2.wav
  artifactKey: Guid(dfb46172ef215884484790c7c9febd37) Importer(815301076,1909f56bfc062723c751e8b465ee728b)
Start importing Assets/Sounds/NPC/Guard/gr_idle2.wav using Guid(dfb46172ef215884484790c7c9febd37) Importer(815301076,1909f56bfc062723c751e8b465ee728b)  -> (artifact id: '98fb01e0452e4759634a7c1fc1dbaf75') in 0.019972 seconds 
========================================================================
Received Import Request.
  Time since last request: 0.000042 seconds.
  path: Assets/Sounds/Decode.mp3
  artifactKey: Guid(1654534cd0bd6fd499fbf9590d1f6b20) Importer(815301076,1909f56bfc062723c751e8b465ee728b)
Start importing Assets/Sounds/Decode.mp3 using Guid(1654534cd0bd6fd499fbf9590d1f6b20) Importer(815301076,1909f56bfc062723c751e8b465ee728b)  -> (artifact id: '4e81ea678dabaf0f7ec99fe709063610') in 0.018125 seconds 
========================================================================
Received Import Request.
  Time since last request: 0.000063 seconds.
  path: Assets/Sounds/NPC/Guard/gr_pain5.wav
  artifactKey: Guid(a966848f74cf2644a8d68d69b77cd527) Importer(815301076,1909f56bfc062723c751e8b465ee728b)
Start importing Assets/Sounds/NPC/Guard/gr_pain5.wav using Guid(a966848f74cf2644a8d68d69b77cd527) Importer(815301076,1909f56bfc062723c751e8b465ee728b)  -> (artifact id: 'e01ba86a22264845f46591c23080829a') in 0.013964 seconds 
========================================================================
Received Import Request.
  Time since last request: 0.000043 seconds.
  path: Assets/Sounds/Door_Open.mp3
  artifactKey: Guid(b21c0577c3875c94bb0c324619e6f151) Importer(815301076,1909f56bfc062723c751e8b465ee728b)
Start importing Assets/Sounds/Door_Open.mp3 using Guid(b21c0577c3875c94bb0c324619e6f151) Importer(815301076,1909f56bfc062723c751e8b465ee728b)  -> (artifact id: 'e1f644f6cd207a83c71aaa578c427aa6') in 0.014895 seconds 
========================================================================
Received Import Request.
  Time since last request: 0.000046 seconds.
  path: Assets/Sounds/Explosion/explosion1.mp3
  artifactKey: Guid(36b49e0441df01d4790dc28a7625a049) Importer(815301076,1909f56bfc062723c751e8b465ee728b)
Start importing Assets/Sounds/Explosion/explosion1.mp3 using Guid(36b49e0441df01d4790dc28a7625a049) Importer(815301076,1909f56bfc062723c751e8b465ee728b)  -> (artifact id: 'f5d97972c09633c4801968218201f4c6') in 0.014681 seconds 
========================================================================
Received Import Request.
  Time since last request: 0.000043 seconds.
  path: Assets/Sounds/Decode_2.mp3
  artifactKey: Guid(3eeddcc6c9431c34b9dca9a15aa25846) Importer(815301076,1909f56bfc062723c751e8b465ee728b)
Start importing Assets/Sounds/Decode_2.mp3 using Guid(3eeddcc6c9431c34b9dca9a15aa25846) Importer(815301076,1909f56bfc062723c751e8b465ee728b)  -> (artifact id: 'e4e2980306bf9bcb4f915b764c878417') in 0.014642 seconds 
========================================================================
Received Import Request.
  Time since last request: 0.000035 seconds.
  path: Assets/Sounds/Explosion/Explosion.mp3
  artifactKey: Guid(dceb38f6646765549a7c122218658003) Importer(815301076,1909f56bfc062723c751e8b465ee728b)
Start importing Assets/Sounds/Explosion/Explosion.mp3 using Guid(dceb38f6646765549a7c122218658003) Importer(815301076,1909f56bfc062723c751e8b465ee728b)  -> (artifact id: 'ea1ad6dba1c17c444a2ad278c5c8ce04') in 0.015772 seconds 
========================================================================
Received Import Request.
  Time since last request: 0.000042 seconds.
  path: Assets/Sounds/Deny.wav
  artifactKey: Guid(c0bc2c1ea6c31ad4c9d46207463fd0e4) Importer(815301076,1909f56bfc062723c751e8b465ee728b)
Start importing Assets/Sounds/Deny.wav using Guid(c0bc2c1ea6c31ad4c9d46207463fd0e4) Importer(815301076,1909f56bfc062723c751e8b465ee728b)  -> (artifact id: '052ea1ee7cc350d2e9fe53412523785d') in 0.015584 seconds 
========================================================================
Received Import Request.
  Time since last request: 0.000043 seconds.
  path: Assets/Sounds/NPC/Guard/gr_die2.wav
  artifactKey: Guid(0cb0c0af294ada1459f9a0db3ae60ed4) Importer(815301076,1909f56bfc062723c751e8b465ee728b)
Start importing Assets/Sounds/NPC/Guard/gr_die2.wav using Guid(0cb0c0af294ada1459f9a0db3ae60ed4) Importer(815301076,1909f56bfc062723c751e8b465ee728b)  -> (artifact id: '5225324b950d5897d18df91c5e9826c7') in 0.019165 seconds 
========================================================================
Received Import Request.
  Time since last request: 0.000041 seconds.
  path: Assets/Sounds/Music/900_bg_04.ogg
  artifactKey: Guid(0f4c0305025b0604fb136e62de2e4bfe) Importer(815301076,1909f56bfc062723c751e8b465ee728b)
Start importing Assets/Sounds/Music/900_bg_04.ogg using Guid(0f4c0305025b0604fb136e62de2e4bfe) Importer(815301076,1909f56bfc062723c751e8b465ee728b)  -> (artifact id: 'e1fe2c2fb470106c84dc92437e287bb3') in 0.013995 seconds 
