Using pre-set license
Built from '2021.3/staging' branch; Version is '2021.3.15f1 (e8e88683f834) revision 15263878'; Using compiler version '192829333'; Build Type 'Release'
OS: 'Windows 11  (10.0.22621) 64bit Professional' Language: 'en' Physical Memory: 65485 MB
BatchMode: 1, IsHumanControllingUs: 0, StartBugReporterOnCrash: 0, Is64bit: 1, IsPro: 1

COMMAND LINE ARGUMENTS:
C:\Program Files\Unity\Hub\Editor\2021.3.15f1\Editor\Unity.exe
-adb2
-batchMode
-noUpm
-name
AssetImportWorker1
-projectPath
C:/Users/samir/Documents/Game Projects/TheLastDalek
-logFile
Logs/AssetImportWorker1.log
-srvPort
51086
Successfully changed project path to: C:/Users/samir/Documents/Game Projects/TheLastDalek
C:/Users/samir/Documents/Game Projects/TheLastDalek
[UnityMemory] Configuration Parameters - Can be set up in boot.config
    "memorysetup-bucket-allocator-granularity=16"
    "memorysetup-bucket-allocator-bucket-count=8"
    "memorysetup-bucket-allocator-block-size=33554432"
    "memorysetup-bucket-allocator-block-count=8"
    "memorysetup-main-allocator-block-size=16777216"
    "memorysetup-thread-allocator-block-size=16777216"
    "memorysetup-gfx-main-allocator-block-size=16777216"
    "memorysetup-gfx-thread-allocator-block-size=16777216"
    "memorysetup-cache-allocator-block-size=4194304"
    "memorysetup-typetree-allocator-block-size=2097152"
    "memorysetup-profiler-bucket-allocator-granularity=16"
    "memorysetup-profiler-bucket-allocator-bucket-count=8"
    "memorysetup-profiler-bucket-allocator-block-size=33554432"
    "memorysetup-profiler-bucket-allocator-block-count=8"
    "memorysetup-profiler-allocator-block-size=16777216"
    "memorysetup-profiler-editor-allocator-block-size=1048576"
    "memorysetup-temp-allocator-size-main=16777216"
    "memorysetup-job-temp-allocator-block-size=2097152"
    "memorysetup-job-temp-allocator-block-size-background=1048576"
    "memorysetup-job-temp-allocator-reduction-small-platforms=262144"
    "memorysetup-temp-allocator-size-background-worker=32768"
    "memorysetup-temp-allocator-size-job-worker=262144"
    "memorysetup-temp-allocator-size-preload-manager=33554432"
    "memorysetup-temp-allocator-size-nav-mesh-worker=65536"
    "memorysetup-temp-allocator-size-audio-worker=65536"
    "memorysetup-temp-allocator-size-cloud-worker=32768"
    "memorysetup-temp-allocator-size-gi-baking-worker=262144"
    "memorysetup-temp-allocator-size-gfx=262144"
Player connection [14248] Host "[IP] 192.168.68.116 [Port] 0 [Flags] 2 [Guid] 4140660539 [EditorId] 4140660539 [Version] 1048832 [Id] WindowsEditor(7,Samis-Desktop) [Debug] 1 [PackageName] WindowsEditor [ProjectName] Editor" joined multi-casting on [225.0.0.222:54997]...

Player connection [14248] Host "[IP] 192.168.68.116 [Port] 0 [Flags] 2 [Guid] 4140660539 [EditorId] 4140660539 [Version] 1048832 [Id] WindowsEditor(7,Samis-Desktop) [Debug] 1 [PackageName] WindowsEditor [ProjectName] Editor" joined alternative multi-casting on [225.0.0.222:34997]...

Refreshing native plugins compatible for Editor in 138.61 ms, found 8 plugins.
Preloading 0 native plugins for Editor in 0.00 ms.
Initialize engine version: 2021.3.15f1 (e8e88683f834)
[Subsystems] Discovering subsystems at path C:/Program Files/Unity/Hub/Editor/2021.3.15f1/Editor/Data/Resources/UnitySubsystems
[Subsystems] Discovering subsystems at path C:/Users/samir/Documents/Game Projects/TheLastDalek/Assets
GfxDevice: creating device client; threaded=0; jobified=0
d3d12: loaded!
Direct3D:
    Version:         Direct3D 12 [level 12.1]
    Renderer:        NVIDIA GeForce RTX 2060 (ID=0x1e89)
    Vendor:          NVIDIA
    VRAM:            5958 MB
    App VRAM Budget: 5190 MB
    Driver:          31.0.15.3179
d3d12: Profiler is enabled, but stable power state is not. GPU timing errors are expected.
Initialize mono
Mono path[0] = 'C:/Program Files/Unity/Hub/Editor/2021.3.15f1/Editor/Data/Managed'
Mono path[1] = 'C:/Program Files/Unity/Hub/Editor/2021.3.15f1/Editor/Data/MonoBleedingEdge/lib/mono/unityjit-win32'
Mono config path = 'C:/Program Files/Unity/Hub/Editor/2021.3.15f1/Editor/Data/MonoBleedingEdge/etc'
Using monoOptions --debugger-agent=transport=dt_socket,embedding=1,server=y,suspend=n,address=127.0.0.1:56744
Begin MonoManager ReloadAssembly
Registering precompiled unity dll's ...
Register platform support module: C:/Program Files/Unity/Hub/Editor/2021.3.15f1/Editor/Data/PlaybackEngines/WindowsStandaloneSupport/UnityEditor.WindowsStandalone.Extensions.dll
Register platform support module: C:/Program Files/Unity/Hub/Editor/2021.3.15f1/Editor/Data/PlaybackEngines/MetroSupport/UnityEditor.UWP.Extensions.dll
Registered in 0.003745 seconds.
Native extension for UWP target not found
Native extension for WindowsStandalone target not found
Refreshing native plugins compatible for Editor in 116.94 ms, found 8 plugins.
Preloading 0 native plugins for Editor in 0.00 ms.
Mono: successfully reloaded assembly
- Completed reload, in  0.716 seconds
Domain Reload Profiling:
	ReloadAssembly (717ms)
		BeginReloadAssembly (101ms)
			ExecutionOrderSort (0ms)
			DisableScriptedObjects (0ms)
			BackupInstance (0ms)
			ReleaseScriptingObjects (0ms)
			CreateAndSetChildDomain (1ms)
		EndReloadAssembly (501ms)
			LoadAssemblies (100ms)
			RebuildTransferFunctionScriptingTraits (0ms)
			SetupTypeCache (127ms)
			ReleaseScriptCaches (0ms)
			RebuildScriptCaches (25ms)
			SetupLoadedEditorAssemblies (303ms)
				LogAssemblyErrors (0ms)
				InitializePlatformSupportModulesInManaged (7ms)
				SetLoadedEditorAssemblies (0ms)
				RefreshPlugins (117ms)
				BeforeProcessingInitializeOnLoad (1ms)
				ProcessInitializeOnLoadAttributes (134ms)
				ProcessInitializeOnLoadMethodAttributes (44ms)
				AfterProcessingInitializeOnLoad (0ms)
				EditorAssembliesLoaded (0ms)
			ExecutionOrderSort2 (0ms)
			AwakeInstancesAfterBackupRestoration (0ms)
Platform modules already initialized, skipping
Registering precompiled user dll's ...
Registered in 0.009936 seconds.
Begin MonoManager ReloadAssembly
Symbol file LoadedFromMemory doesn't match image C:\Users\samir\Documents\Game Projects\TheLastDalek\Library\PackageCache\com.unity.visualscripting@1.7.8\Editor\VisualScripting.Core\Dependencies\DotNetZip\Unity.VisualScripting.IonicZip.dll
Symbol file LoadedFromMemory doesn't match image C:\Users\samir\Documents\Game Projects\TheLastDalek\Library\PackageCache\com.unity.visualscripting@1.7.8\Editor\VisualScripting.Core\Dependencies\YamlDotNet\Unity.VisualScripting.YamlDotNet.dll
Script error: OnCollisionEnter
This message parameter has to be of type: Collision
The message will be ignored.
Native extension for UWP target not found
Native extension for WindowsStandalone target not found
Refreshing native plugins compatible for Editor in 125.22 ms, found 8 plugins.
Preloading 0 native plugins for Editor in 0.00 ms.
Mono: successfully reloaded assembly
- Completed reload, in  1.636 seconds
Domain Reload Profiling:
	ReloadAssembly (1637ms)
		BeginReloadAssembly (89ms)
			ExecutionOrderSort (0ms)
			DisableScriptedObjects (5ms)
			BackupInstance (0ms)
			ReleaseScriptingObjects (0ms)
			CreateAndSetChildDomain (18ms)
		EndReloadAssembly (1450ms)
			LoadAssemblies (80ms)
			RebuildTransferFunctionScriptingTraits (0ms)
			SetupTypeCache (355ms)
			ReleaseScriptCaches (1ms)
			RebuildScriptCaches (90ms)
			SetupLoadedEditorAssemblies (881ms)
				LogAssemblyErrors (0ms)
				InitializePlatformSupportModulesInManaged (4ms)
				SetLoadedEditorAssemblies (0ms)
				RefreshPlugins (125ms)
				BeforeProcessingInitializeOnLoad (106ms)
				ProcessInitializeOnLoadAttributes (340ms)
				ProcessInitializeOnLoadMethodAttributes (300ms)
				AfterProcessingInitializeOnLoad (6ms)
				EditorAssembliesLoaded (0ms)
			ExecutionOrderSort2 (0ms)
			AwakeInstancesAfterBackupRestoration (5ms)
Platform modules already initialized, skipping
========================================================================
Worker process is ready to serve import requests
Launched and connected shader compiler UnityShaderCompiler.exe after 0.05 seconds
Refreshing native plugins compatible for Editor in 1.16 ms, found 8 plugins.
Preloading 0 native plugins for Editor in 0.00 ms.
Unloading 6204 Unused Serialized files (Serialized files now loaded: 0)
Unloading 57 unused Assets / (1.3 MB). Loaded Objects now: 6716.
Memory consumption went from 382.8 MB to 381.6 MB.
Total: 4.936600 ms (FindLiveObjects: 0.539300 ms CreateObjectMapping: 0.170000 ms MarkObjects: 3.903300 ms  DeleteObjects: 0.322900 ms)

AssetImportParameters requested are different than current active one (requested -> active):
  custom:video-decoder-ogg-theora: a1e56fd34408186e4bbccfd4996cb3dc -> 
  custom:container-muxer-webm: aa71ff27fc2769a1b78a27578f13a17b -> 
  custom:container-demuxer-webm: 4f35f7cbe854078d1ac9338744f61a02 -> 
  custom:video-encoder-webm-vp8: eb34c28f22e8b96e1ab97ce403110664 -> 
  custom:audio-encoder-webm-vorbis: bf7c407c2cedff20999df2af8eb42d56 -> 
  custom:framework-win-MediaFoundation: 216162199b28c13a410421893ffa2e32 -> 
  custom:container-demuxer-ogg: 62fdf1f143b41e24485cea50d1cbac27 -> 
  custom:video-decoder-webm-vp8: 9c59270c3fd7afecdb556c50c9e8de78 -> 
  custom:audio-decoder-ogg-vorbis: bf7c407c2cedff20999df2af8eb42d56 -> 
========================================================================
Received Import Request.
  Time since last request: 2128.298348 seconds.
  path: Assets/Entities/Dalek/DalekProp.prefab
  artifactKey: Guid(3732b4c58914f9442ade98ccb73a1a06) Importer(815301076,1909f56bfc062723c751e8b465ee728b)
Start importing Assets/Entities/Dalek/DalekProp.prefab using Guid(3732b4c58914f9442ade98ccb73a1a06) Importer(815301076,1909f56bfc062723c751e8b465ee728b) d3d12: upload buffer was full! Waited for COPY queue for 1.684 ms.
d3d12: upload buffer was full! Waited for COPY queue for 0.979 ms.
 -> (artifact id: '024036181d49843e01fcfd9529258b03') in 1.675468 seconds 
========================================================================
Received Import Request.
  Time since last request: 0.000035 seconds.
  path: Assets/Entities/Dalek/Player.prefab
  artifactKey: Guid(d1bfda65641f93f4bb35c608a9f883f4) Importer(815301076,1909f56bfc062723c751e8b465ee728b)
Start importing Assets/Entities/Dalek/Player.prefab using Guid(d1bfda65641f93f4bb35c608a9f883f4) Importer(815301076,1909f56bfc062723c751e8b465ee728b) d3d12: upload buffer was full! Waited for COPY queue for 2.355 ms.
 -> (artifact id: '66b38110a54e17352af7df52acbe7df3') in 0.210518 seconds 
========================================================================
Received Import Request.
  Time since last request: 0.000055 seconds.
  path: Assets/Entities/Dalek/ShieldMaterial.mat
  artifactKey: Guid(4c395f21dd714754992c46337f8ff6b4) Importer(815301076,1909f56bfc062723c751e8b465ee728b)
Start importing Assets/Entities/Dalek/ShieldMaterial.mat using Guid(4c395f21dd714754992c46337f8ff6b4) Importer(815301076,1909f56bfc062723c751e8b465ee728b)  -> (artifact id: '6e6f7b9cd3d7c402b5a6c37a74a2e3a0') in 0.046710 seconds 
========================================================================
Received Import Request.
  Time since last request: 175.644140 seconds.
  path: Assets/Entities/Dalek/Models/Remembrence/source/Eye Lens.mat
  artifactKey: Guid(13a6f3299891eee4294d7197650efa6c) Importer(815301076,1909f56bfc062723c751e8b465ee728b)
Start importing Assets/Entities/Dalek/Models/Remembrence/source/Eye Lens.mat using Guid(13a6f3299891eee4294d7197650efa6c) Importer(815301076,1909f56bfc062723c751e8b465ee728b)  -> (artifact id: '899dadaa1c8a9f9bc079bc947b1af2e1') in 0.032502 seconds 
========================================================================
Received Import Request.
  Time since last request: 0.000056 seconds.
  path: Assets/Entities/Dalek/Models/Remembrence/source/Metalic Gold Gloss.mat
  artifactKey: Guid(23eb83d51b2bf4943ac9573302ac8d54) Importer(815301076,1909f56bfc062723c751e8b465ee728b)
Start importing Assets/Entities/Dalek/Models/Remembrence/source/Metalic Gold Gloss.mat using Guid(23eb83d51b2bf4943ac9573302ac8d54) Importer(815301076,1909f56bfc062723c751e8b465ee728b)  -> (artifact id: 'a8e9d6b6bae5b3fadaf5e0274f2c5312') in 0.070019 seconds 
========================================================================
Received Import Request.
  Time since last request: 0.000036 seconds.
  path: Assets/Entities/Dalek/Models/Remembrence/source/Light.mat
  artifactKey: Guid(92c5aa9e8a899d245babb1d640175471) Importer(815301076,1909f56bfc062723c751e8b465ee728b)
Start importing Assets/Entities/Dalek/Models/Remembrence/source/Light.mat using Guid(92c5aa9e8a899d245babb1d640175471) Importer(815301076,1909f56bfc062723c751e8b465ee728b)  -> (artifact id: '734bee84d19799b0275da7b099d9a9d6') in 0.251449 seconds 
========================================================================
Received Import Request.
  Time since last request: 0.000042 seconds.
  path: Assets/Entities/Dalek/Models/Remembrence/source/Shell.mat
  artifactKey: Guid(07eba84b7193beb44a45fc9ae0df9923) Importer(815301076,1909f56bfc062723c751e8b465ee728b)
Start importing Assets/Entities/Dalek/Models/Remembrence/source/Shell.mat using Guid(07eba84b7193beb44a45fc9ae0df9923) Importer(815301076,1909f56bfc062723c751e8b465ee728b)  -> (artifact id: '0180c927ae47b6521f03d8700102bbf0') in 0.023971 seconds 
========================================================================
Received Import Request.
  Time since last request: 0.000031 seconds.
  path: Assets/Entities/Dalek/Models/Remembrence/source/Metalic Gold.mat
  artifactKey: Guid(5d7005af517c3f84d9dfd7191774565f) Importer(815301076,1909f56bfc062723c751e8b465ee728b)
Start importing Assets/Entities/Dalek/Models/Remembrence/source/Metalic Gold.mat using Guid(5d7005af517c3f84d9dfd7191774565f) Importer(815301076,1909f56bfc062723c751e8b465ee728b)  -> (artifact id: 'be214ff5c791c07f248a2924acd4e303') in 0.022137 seconds 
========================================================================
Received Import Request.
  Time since last request: 60.731593 seconds.
  path: Assets/Entities/Dalek/Models/Remembrence/source/WG Remembrance Dalek.blend
  artifactKey: Guid(3390d03d3a371fc40add7301455a873d) Importer(815301076,1909f56bfc062723c751e8b465ee728b)
Start importing Assets/Entities/Dalek/Models/Remembrence/source/WG Remembrance Dalek.blend using Guid(3390d03d3a371fc40add7301455a873d) Importer(815301076,1909f56bfc062723c751e8b465ee728b) d3d12: upload buffer was full! Waited for COPY queue for 0.243 ms.
d3d12: upload buffer was full! Waited for COPY queue for 1.187 ms.
 -> (artifact id: '5d0db25dd4d5b7eefe313ac0016eda77') in 0.380096 seconds 
========================================================================
Received Prepare
Registering precompiled user dll's ...
Registered in 0.011792 seconds.
Begin MonoManager ReloadAssembly
Symbol file LoadedFromMemory doesn't match image C:\Users\samir\Documents\Game Projects\TheLastDalek\Library\PackageCache\com.unity.visualscripting@1.7.8\Editor\VisualScripting.Core\Dependencies\DotNetZip\Unity.VisualScripting.IonicZip.dll
Symbol file LoadedFromMemory doesn't match image C:\Users\samir\Documents\Game Projects\TheLastDalek\Library\PackageCache\com.unity.visualscripting@1.7.8\Editor\VisualScripting.Core\Dependencies\YamlDotNet\Unity.VisualScripting.YamlDotNet.dll
Native extension for UWP target not found
Native extension for WindowsStandalone target not found
Refreshing native plugins compatible for Editor in 1.72 ms, found 8 plugins.
Preloading 0 native plugins for Editor in 0.00 ms.
Mono: successfully reloaded assembly
- Completed reload, in  1.351 seconds
Domain Reload Profiling:
	ReloadAssembly (1352ms)
		BeginReloadAssembly (175ms)
			ExecutionOrderSort (0ms)
			DisableScriptedObjects (29ms)
			BackupInstance (0ms)
			ReleaseScriptingObjects (0ms)
			CreateAndSetChildDomain (58ms)
		EndReloadAssembly (1080ms)
			LoadAssemblies (77ms)
			RebuildTransferFunctionScriptingTraits (0ms)
			SetupTypeCache (287ms)
			ReleaseScriptCaches (2ms)
			RebuildScriptCaches (81ms)
			SetupLoadedEditorAssemblies (491ms)
				LogAssemblyErrors (0ms)
				InitializePlatformSupportModulesInManaged (12ms)
				SetLoadedEditorAssemblies (1ms)
				RefreshPlugins (2ms)
				BeforeProcessingInitializeOnLoad (95ms)
				ProcessInitializeOnLoadAttributes (341ms)
				ProcessInitializeOnLoadMethodAttributes (36ms)
				AfterProcessingInitializeOnLoad (6ms)
				EditorAssembliesLoaded (0ms)
			ExecutionOrderSort2 (0ms)
			AwakeInstancesAfterBackupRestoration (38ms)
Platform modules already initialized, skipping
Script error: OnCollisionEnter
This message parameter has to be of type: Collision
The message will be ignored.
Refreshing native plugins compatible for Editor in 5.96 ms, found 8 plugins.
Preloading 0 native plugins for Editor in 0.00 ms.
Unloading 5847 Unused Serialized files (Serialized files now loaded: 0)
Unloading 51 unused Assets / (1.2 MB). Loaded Objects now: 6873.
Memory consumption went from 375.8 MB to 374.6 MB.
Total: 4.616800 ms (FindLiveObjects: 0.581500 ms CreateObjectMapping: 0.159600 ms MarkObjects: 3.610100 ms  DeleteObjects: 0.264700 ms)

AssetImportParameters requested are different than current active one (requested -> active):
  custom:video-decoder-ogg-theora: a1e56fd34408186e4bbccfd4996cb3dc -> 
  custom:container-muxer-webm: aa71ff27fc2769a1b78a27578f13a17b -> 
  custom:container-demuxer-webm: 4f35f7cbe854078d1ac9338744f61a02 -> 
  custom:video-encoder-webm-vp8: eb34c28f22e8b96e1ab97ce403110664 -> 
  custom:audio-encoder-webm-vorbis: bf7c407c2cedff20999df2af8eb42d56 -> 
  custom:framework-win-MediaFoundation: 216162199b28c13a410421893ffa2e32 -> 
  custom:container-demuxer-ogg: 62fdf1f143b41e24485cea50d1cbac27 -> 
  custom:video-decoder-webm-vp8: 9c59270c3fd7afecdb556c50c9e8de78 -> 
  custom:audio-decoder-ogg-vorbis: bf7c407c2cedff20999df2af8eb42d56 -> 
========================================================================
Received Import Request.
  Time since last request: 616.595640 seconds.
  path: Assets/Entities/Humanoid/Base/dummy.fbx
  artifactKey: Guid(8d11729d6da93c14786437dbad642810) Importer(815301076,1909f56bfc062723c751e8b465ee728b)
Start importing Assets/Entities/Humanoid/Base/dummy.fbx using Guid(8d11729d6da93c14786437dbad642810) Importer(815301076,1909f56bfc062723c751e8b465ee728b)  -> (artifact id: 'd1954f52685ed044f5c578b29dbcab4f') in 0.860619 seconds 
========================================================================
Received Import Request.
  Time since last request: 0.000033 seconds.
  path: Assets/Entities/Humanoid/Base/Extermination.mat
  artifactKey: Guid(faae0c6e9e66f8c49b801105e4e2b995) Importer(815301076,1909f56bfc062723c751e8b465ee728b)
Start importing Assets/Entities/Humanoid/Base/Extermination.mat using Guid(faae0c6e9e66f8c49b801105e4e2b995) Importer(815301076,1909f56bfc062723c751e8b465ee728b)  -> (artifact id: 'a17e03f10556579790d18d5fe0990fa6') in 0.026860 seconds 
========================================================================
Received Import Request.
  Time since last request: 0.000043 seconds.
  path: Assets/Entities/Humanoid/Base/ExterminationBoneEffect.mat
  artifactKey: Guid(103cad9136702d94ebf7b1479c390316) Importer(815301076,1909f56bfc062723c751e8b465ee728b)
Start importing Assets/Entities/Humanoid/Base/ExterminationBoneEffect.mat using Guid(103cad9136702d94ebf7b1479c390316) Importer(815301076,1909f56bfc062723c751e8b465ee728b)  -> (artifact id: '3a229720b605fbbdd31fb1791a14bfb8') in 6.709248 seconds 
========================================================================
Received Prepare
Registering precompiled user dll's ...
Registered in 0.010015 seconds.
Begin MonoManager ReloadAssembly
Symbol file LoadedFromMemory doesn't match image C:\Users\samir\Documents\Game Projects\TheLastDalek\Library\PackageCache\com.unity.visualscripting@1.7.8\Editor\VisualScripting.Core\Dependencies\DotNetZip\Unity.VisualScripting.IonicZip.dll
Symbol file LoadedFromMemory doesn't match image C:\Users\samir\Documents\Game Projects\TheLastDalek\Library\PackageCache\com.unity.visualscripting@1.7.8\Editor\VisualScripting.Core\Dependencies\YamlDotNet\Unity.VisualScripting.YamlDotNet.dll
Native extension for UWP target not found
Native extension for WindowsStandalone target not found
Refreshing native plugins compatible for Editor in 1.33 ms, found 8 plugins.
Preloading 0 native plugins for Editor in 0.00 ms.
Mono: successfully reloaded assembly
- Completed reload, in  1.366 seconds
Domain Reload Profiling:
	ReloadAssembly (1367ms)
		BeginReloadAssembly (163ms)
			ExecutionOrderSort (0ms)
			DisableScriptedObjects (29ms)
			BackupInstance (0ms)
			ReleaseScriptingObjects (0ms)
			CreateAndSetChildDomain (50ms)
		EndReloadAssembly (1118ms)
			LoadAssemblies (74ms)
			RebuildTransferFunctionScriptingTraits (0ms)
			SetupTypeCache (309ms)
			ReleaseScriptCaches (2ms)
			RebuildScriptCaches (76ms)
			SetupLoadedEditorAssemblies (492ms)
				LogAssemblyErrors (0ms)
				InitializePlatformSupportModulesInManaged (12ms)
				SetLoadedEditorAssemblies (0ms)
				RefreshPlugins (1ms)
				BeforeProcessingInitializeOnLoad (107ms)
				ProcessInitializeOnLoadAttributes (331ms)
				ProcessInitializeOnLoadMethodAttributes (34ms)
				AfterProcessingInitializeOnLoad (7ms)
				EditorAssembliesLoaded (0ms)
			ExecutionOrderSort2 (0ms)
			AwakeInstancesAfterBackupRestoration (43ms)
Platform modules already initialized, skipping
Script error: OnCollisionEnter
This message parameter has to be of type: Collision
The message will be ignored.
Refreshing native plugins compatible for Editor in 4.38 ms, found 8 plugins.
Preloading 0 native plugins for Editor in 0.00 ms.
Unloading 5847 Unused Serialized files (Serialized files now loaded: 0)
Unloading 50 unused Assets / (1.2 MB). Loaded Objects now: 6981.
Memory consumption went from 376.2 MB to 375.0 MB.
Total: 4.536100 ms (FindLiveObjects: 0.525200 ms CreateObjectMapping: 0.169300 ms MarkObjects: 3.547500 ms  DeleteObjects: 0.292900 ms)

AssetImportParameters requested are different than current active one (requested -> active):
  custom:video-decoder-ogg-theora: a1e56fd34408186e4bbccfd4996cb3dc -> 
  custom:container-muxer-webm: aa71ff27fc2769a1b78a27578f13a17b -> 
  custom:container-demuxer-webm: 4f35f7cbe854078d1ac9338744f61a02 -> 
  custom:video-encoder-webm-vp8: eb34c28f22e8b96e1ab97ce403110664 -> 
  custom:audio-encoder-webm-vorbis: bf7c407c2cedff20999df2af8eb42d56 -> 
  custom:framework-win-MediaFoundation: 216162199b28c13a410421893ffa2e32 -> 
  custom:container-demuxer-ogg: 62fdf1f143b41e24485cea50d1cbac27 -> 
  custom:video-decoder-webm-vp8: 9c59270c3fd7afecdb556c50c9e8de78 -> 
  custom:audio-decoder-ogg-vorbis: bf7c407c2cedff20999df2af8eb42d56 -> 
========================================================================
Received Import Request.
  Time since last request: 190.016468 seconds.
  path: Assets/LevelGeometry/Props/Tardis/textures/doorsignout.png
  artifactKey: Guid(4c7ef45e09fb8424398c1d311a1b4c3f) Importer(815301076,1909f56bfc062723c751e8b465ee728b)
Start importing Assets/LevelGeometry/Props/Tardis/textures/doorsignout.png using Guid(4c7ef45e09fb8424398c1d311a1b4c3f) Importer(815301076,1909f56bfc062723c751e8b465ee728b)  -> (artifact id: '6d065d595698f6b2ea83eb4ad1e018a3') in 0.061000 seconds 
========================================================================
Received Import Request.
  Time since last request: 0.000036 seconds.
  path: Assets/LevelGeometry/Props/Tardis/textures/policeboxsign.png
  artifactKey: Guid(48e4598a09d63d343bdad12f7d033c8b) Importer(815301076,1909f56bfc062723c751e8b465ee728b)
Start importing Assets/LevelGeometry/Props/Tardis/textures/policeboxsign.png using Guid(48e4598a09d63d343bdad12f7d033c8b) Importer(815301076,1909f56bfc062723c751e8b465ee728b)  -> (artifact id: '742ef261bec606ad36be3cba487083ce') in 0.027217 seconds 
========================================================================
Received Import Request.
  Time since last request: 26.650296 seconds.
  path: Assets/LevelGeometry/Props/Tardis/source/doorsignout.png
  artifactKey: Guid(56acb9ecc36dfb546b6cdd310b50252c) Importer(815301076,1909f56bfc062723c751e8b465ee728b)
Start importing Assets/LevelGeometry/Props/Tardis/source/doorsignout.png using Guid(56acb9ecc36dfb546b6cdd310b50252c) Importer(815301076,1909f56bfc062723c751e8b465ee728b)  -> (artifact id: 'f5c16de71a080c1225cce154ff91769c') in 0.018105 seconds 
========================================================================
Received Import Request.
  Time since last request: 0.000030 seconds.
  path: Assets/LevelGeometry/Props/Tardis/source/policeboxsign.png
  artifactKey: Guid(9d014e2dc4eac6e41a9357e736e4d8c8) Importer(815301076,1909f56bfc062723c751e8b465ee728b)
Start importing Assets/LevelGeometry/Props/Tardis/source/policeboxsign.png using Guid(9d014e2dc4eac6e41a9357e736e4d8c8) Importer(815301076,1909f56bfc062723c751e8b465ee728b)  -> (artifact id: 'eb010b14a3e4207f6855bc9826683e7b') in 0.033261 seconds 
========================================================================
Received Import Request.
  Time since last request: 0.000034 seconds.
  path: Assets/LevelGeometry/Props/Tardis/source/windowsout.png
  artifactKey: Guid(79545b5648265df4395638105de8afac) Importer(815301076,1909f56bfc062723c751e8b465ee728b)
Start importing Assets/LevelGeometry/Props/Tardis/source/windowsout.png using Guid(79545b5648265df4395638105de8afac) Importer(815301076,1909f56bfc062723c751e8b465ee728b)  -> (artifact id: 'd11bcd08e44b0240b7cf291847751eb4') in 0.036820 seconds 
========================================================================
Received Import Request.
  Time since last request: 83.722928 seconds.
  path: Assets/LevelGeometry/Props/Tardis/source/models_doctorwho1200_coral_2005.mat
  artifactKey: Guid(8d89d7310dc3e9642839a73472c41c76) Importer(815301076,1909f56bfc062723c751e8b465ee728b)
Start importing Assets/LevelGeometry/Props/Tardis/source/models_doctorwho1200_coral_2005.mat using Guid(8d89d7310dc3e9642839a73472c41c76) Importer(815301076,1909f56bfc062723c751e8b465ee728b)  -> (artifact id: '8b352d59ad2795fcad351e82ad975a2c') in 0.614627 seconds 
========================================================================
Received Prepare
Registering precompiled user dll's ...
Registered in 0.009442 seconds.
Begin MonoManager ReloadAssembly
Symbol file LoadedFromMemory doesn't match image C:\Users\samir\Documents\Game Projects\TheLastDalek\Library\PackageCache\com.unity.visualscripting@1.7.8\Editor\VisualScripting.Core\Dependencies\DotNetZip\Unity.VisualScripting.IonicZip.dll
Symbol file LoadedFromMemory doesn't match image C:\Users\samir\Documents\Game Projects\TheLastDalek\Library\PackageCache\com.unity.visualscripting@1.7.8\Editor\VisualScripting.Core\Dependencies\YamlDotNet\Unity.VisualScripting.YamlDotNet.dll
Native extension for UWP target not found
Native extension for WindowsStandalone target not found
Refreshing native plugins compatible for Editor in 1.40 ms, found 8 plugins.
Preloading 0 native plugins for Editor in 0.00 ms.
Mono: successfully reloaded assembly
- Completed reload, in  1.276 seconds
Domain Reload Profiling:
	ReloadAssembly (1277ms)
		BeginReloadAssembly (154ms)
			ExecutionOrderSort (0ms)
			DisableScriptedObjects (25ms)
			BackupInstance (0ms)
			ReleaseScriptingObjects (0ms)
			CreateAndSetChildDomain (48ms)
		EndReloadAssembly (1035ms)
			LoadAssemblies (78ms)
			RebuildTransferFunctionScriptingTraits (0ms)
			SetupTypeCache (268ms)
			ReleaseScriptCaches (2ms)
			RebuildScriptCaches (72ms)
			SetupLoadedEditorAssemblies (454ms)
				LogAssemblyErrors (0ms)
				InitializePlatformSupportModulesInManaged (14ms)
				SetLoadedEditorAssemblies (0ms)
				RefreshPlugins (1ms)
				BeforeProcessingInitializeOnLoad (99ms)
				ProcessInitializeOnLoadAttributes (300ms)
				ProcessInitializeOnLoadMethodAttributes (31ms)
				AfterProcessingInitializeOnLoad (8ms)
				EditorAssembliesLoaded (0ms)
			ExecutionOrderSort2 (0ms)
			AwakeInstancesAfterBackupRestoration (42ms)
Platform modules already initialized, skipping
Script error: OnCollisionEnter
This message parameter has to be of type: Collision
The message will be ignored.
Refreshing native plugins compatible for Editor in 4.60 ms, found 8 plugins.
Preloading 0 native plugins for Editor in 0.00 ms.
Unloading 5847 Unused Serialized files (Serialized files now loaded: 0)
Unloading 50 unused Assets / (1.2 MB). Loaded Objects now: 7091.
Memory consumption went from 376.6 MB to 375.4 MB.
Total: 4.598200 ms (FindLiveObjects: 0.588100 ms CreateObjectMapping: 0.169000 ms MarkObjects: 3.603000 ms  DeleteObjects: 0.236600 ms)

AssetImportParameters requested are different than current active one (requested -> active):
  custom:video-decoder-ogg-theora: a1e56fd34408186e4bbccfd4996cb3dc -> 
  custom:container-muxer-webm: aa71ff27fc2769a1b78a27578f13a17b -> 
  custom:container-demuxer-webm: 4f35f7cbe854078d1ac9338744f61a02 -> 
  custom:video-encoder-webm-vp8: eb34c28f22e8b96e1ab97ce403110664 -> 
  custom:audio-encoder-webm-vorbis: bf7c407c2cedff20999df2af8eb42d56 -> 
  custom:framework-win-MediaFoundation: 216162199b28c13a410421893ffa2e32 -> 
  custom:container-demuxer-ogg: 62fdf1f143b41e24485cea50d1cbac27 -> 
  custom:video-decoder-webm-vp8: 9c59270c3fd7afecdb556c50c9e8de78 -> 
  custom:audio-decoder-ogg-vorbis: bf7c407c2cedff20999df2af8eb42d56 -> 
========================================================================
Received Import Request.
  Time since last request: 175.216029 seconds.
  path: Assets/LevelGeometry/Props/Tardis/source/models_doctorwho1200_coral_doorsign.mat
  artifactKey: Guid(62a773f8e4602a149ac25772e81d6595) Importer(815301076,1909f56bfc062723c751e8b465ee728b)
Start importing Assets/LevelGeometry/Props/Tardis/source/models_doctorwho1200_coral_doorsign.mat using Guid(62a773f8e4602a149ac25772e81d6595) Importer(815301076,1909f56bfc062723c751e8b465ee728b)  -> (artifact id: '63ef68871abc11f752cc298a8d335ab2') in 1.401269 seconds 
========================================================================
Received Import Request.
  Time since last request: 0.000057 seconds.
  path: Assets/LevelGeometry/Props/Tardis/source/models_doctorwho1200_coral_windows.mat
  artifactKey: Guid(110d9a2d49b6e3f459dcc7d9d40510e6) Importer(815301076,1909f56bfc062723c751e8b465ee728b)
Start importing Assets/LevelGeometry/Props/Tardis/source/models_doctorwho1200_coral_windows.mat using Guid(110d9a2d49b6e3f459dcc7d9d40510e6) Importer(815301076,1909f56bfc062723c751e8b465ee728b)  -> (artifact id: '9946fd513e240305f2a446b235db528e') in 0.024773 seconds 
========================================================================
Received Import Request.
  Time since last request: 0.000044 seconds.
  path: Assets/LevelGeometry/Props/Tardis/source/models_doctorwho1200_coral_policeboxsign.mat
  artifactKey: Guid(537832db9b762c54dbd29d9acaa0234e) Importer(815301076,1909f56bfc062723c751e8b465ee728b)
Start importing Assets/LevelGeometry/Props/Tardis/source/models_doctorwho1200_coral_policeboxsign.mat using Guid(537832db9b762c54dbd29d9acaa0234e) Importer(815301076,1909f56bfc062723c751e8b465ee728b)  -> (artifact id: '0c08007fcf7c39a1022d689ad1ed3df2') in 0.022552 seconds 
========================================================================
Received Import Request.
  Time since last request: 0.000032 seconds.
  path: Assets/LevelGeometry/Props/Tardis/source/models_doctorwho1200_coral_2005_NONE.mat
  artifactKey: Guid(da1d6f3b67380d247ae3216086b1c56c) Importer(815301076,1909f56bfc062723c751e8b465ee728b)
Start importing Assets/LevelGeometry/Props/Tardis/source/models_doctorwho1200_coral_2005_NONE.mat using Guid(da1d6f3b67380d247ae3216086b1c56c) Importer(815301076,1909f56bfc062723c751e8b465ee728b)  -> (artifact id: 'e4371c5e03852926969180c0a7bfe836') in 0.024511 seconds 
